{"C:\\Users\\iamma\\CDKLambda\\resources\\lambda.cjs": {"path":"C:\\Users\\iamma\\CDKLambda\\resources\\lambda.cjs","statementMap":{"0":{"start":{"line":1,"column":12},"end":{"line":1,"column":30}},"1":{"start":{"line":2,"column":11},"end":{"line":2,"column":23}},"2":{"start":{"line":8,"column":6},"end":{"line":8,"column":37}},"3":{"start":{"line":9,"column":19},"end":{"line":20,"column":12}},"4":{"start":{"line":9,"column":59},"end":{"line":20,"column":10}},"5":{"start":{"line":11,"column":10},"end":{"line":19,"column":11}},"6":{"start":{"line":11,"column":19},"end":{"line":11,"column":46}},"7":{"start":{"line":12,"column":10},"end":{"line":12,"column":21}},"8":{"start":{"line":14,"column":12},"end":{"line":14,"column":51}},"9":{"start":{"line":15,"column":12},"end":{"line":15,"column":62}},"10":{"start":{"line":16,"column":12},"end":{"line":16,"column":33}},"11":{"start":{"line":18,"column":12},"end":{"line":18,"column":26}},"12":{"start":{"line":21,"column":6},"end":{"line":21,"column":29}},"13":{"start":{"line":22,"column":6},"end":{"line":22,"column":23}},"14":{"start":{"line":23,"column":18},"end":{"line":23,"column":119}},"15":{"start":{"line":24,"column":19},"end":{"line":24,"column":43}},"16":{"start":{"line":25,"column":6},"end":{"line":25,"column":24}},"17":{"start":{"line":26,"column":6},"end":{"line":26,"column":35}},"18":{"start":{"line":27,"column":6},"end":{"line":27,"column":20}},"19":{"start":{"line":31,"column":2},"end":{"line":31,"column":32}},"20":{"start":{"line":32,"column":2},"end":{"line":44,"column":4}},"21":{"start":{"line":33,"column":4},"end":{"line":42,"column":8}},"22":{"start":{"line":34,"column":6},"end":{"line":41,"column":7}},"23":{"start":{"line":35,"column":8},"end":{"line":35,"column":36}},"24":{"start":{"line":36,"column":7},"end":{"line":36,"column":19}},"25":{"start":{"line":38,"column":8},"end":{"line":38,"column":37}},"26":{"start":{"line":39,"column":8},"end":{"line":39,"column":42}},"27":{"start":{"line":40,"column":7},"end":{"line":40,"column":21}},"28":{"start":{"line":46,"column":0},"end":{"line":46,"column":19}}},"fnMap":{"0":{"name":"main","decl":{"start":{"line":7,"column":15},"end":{"line":7,"column":19}},"loc":{"start":{"line":7,"column":48},"end":{"line":28,"column":3}},"line":7},"1":{"name":"(anonymous_1)","decl":{"start":{"line":9,"column":37},"end":{"line":9,"column":38}},"loc":{"start":{"line":9,"column":58},"end":{"line":20,"column":11}},"line":9},"2":{"name":"(anonymous_2)","decl":{"start":{"line":10,"column":8},"end":{"line":10,"column":9}},"loc":{"start":{"line":10,"column":26},"end":{"line":20,"column":9}},"line":10},"3":{"name":"deleteparam","decl":{"start":{"line":30,"column":15},"end":{"line":30,"column":26}},"loc":{"start":{"line":30,"column":34},"end":{"line":45,"column":1}},"line":30},"4":{"name":"(anonymous_4)","decl":{"start":{"line":32,"column":20},"end":{"line":32,"column":21}},"loc":{"start":{"line":32,"column":41},"end":{"line":44,"column":3}},"line":32},"5":{"name":"(anonymous_5)","decl":{"start":{"line":33,"column":123},"end":{"line":33,"column":124}},"loc":{"start":{"line":33,"column":143},"end":{"line":42,"column":6}},"line":33}},"branchMap":{"0":{"loc":{"start":{"line":11,"column":10},"end":{"line":19,"column":11}},"type":"if","locations":[{"start":{"line":11,"column":10},"end":{"line":19,"column":11}},{"start":{"line":13,"column":14},"end":{"line":19,"column":11}}],"line":11},"1":{"loc":{"start":{"line":34,"column":6},"end":{"line":41,"column":7}},"type":"if","locations":[{"start":{"line":34,"column":6},"end":{"line":41,"column":7}},{"start":{"line":37,"column":13},"end":{"line":41,"column":7}}],"line":34}},"s":{"0":1,"1":1,"2":1,"3":1,"4":1,"5":1,"6":0,"7":0,"8":1,"9":1,"10":1,"11":1,"12":1,"13":1,"14":1,"15":1,"16":1,"17":1,"18":1,"19":1,"20":1,"21":1,"22":1,"23":0,"24":0,"25":1,"26":1,"27":1,"28":1},"f":{"0":1,"1":1,"2":1,"3":1,"4":1,"5":1},"b":{"0":[0,1],"1":[0,1]},"inputSourceMap":null,"_coverageSchema":"1a1c01bbd47fc00a2c39e90264f33305004495a9","hash":"b998591df820eba8b00dab185174bc9571f26aae"}
}
