TN:
SF:resources\lambda.cjs
FN:7,main
FN:9,(anonymous_1)
FN:10,(anonymous_2)
FN:30,deleteparam
FN:32,(anonymous_4)
FN:33,(anonymous_5)
FNF:6
FNH:6
FNDA:1,main
FNDA:1,(anonymous_1)
FNDA:1,(anonymous_2)
FNDA:1,deleteparam
FNDA:1,(anonymous_4)
FNDA:1,(anonymous_5)
DA:1,1
DA:2,1
DA:8,1
DA:9,1
DA:11,1
DA:12,0
DA:14,1
DA:15,1
DA:16,1
DA:18,1
DA:21,1
DA:22,1
DA:23,1
DA:24,1
DA:25,1
DA:26,1
DA:27,1
DA:31,1
DA:32,1
DA:33,1
DA:34,1
DA:35,0
DA:36,0
DA:38,1
DA:39,1
DA:40,1
DA:46,1
LF:27
LH:24
BRDA:11,0,0,0
BRDA:11,0,1,1
BRDA:34,1,0,0
BRDA:34,1,1,1
BRF:4
BRH:2
end_of_record
